<?xml version="1.0" encoding="UTF-8"?>
<!-- Generated by org.testng.reporters.JUnitXMLReporter -->
<testsuite ignored="0" hostname="LAPTOP-8IINSRMD" failures="0" tests="10" name="Free CRM Test cases" time="72.433" errors="0" timestamp="2026-03-03T17:19:24 IST">
  <testcase classname="com.crm.qa.testcases.LoginPageTest" name="verifyLoginPageTitleTest" time="0.036"/>
  <testcase classname="com.crm.qa.testcases.LoginPageTest" name="loginTest" time="2.368"/>
  <testcase classname="com.crm.qa.testcases.HomePageTest" name="verifyHomePageTitleTest" time="0.004"/>
  <testcase classname="com.crm.qa.testcases.HomePageTest" name="verfiyHomeLogo" time="0.061"/>
  <testcase classname="com.crm.qa.testcases.HomePageTest" name="verifyContactsList" time="0.23"/>
  <testcase classname="com.crm.qa.testcases.HomePageTest" name="verifyDealsList" time="0.245"/>
  <testcase classname="com.crm.qa.testcases.HomePageTest" name="verifyTasksList" time="0.182"/>
  <testcase classname="com.crm.qa.testcases.ContactsPageTest" name="verifyContactPageLabel" time="0.133"/>
  <testcase classname="com.crm.qa.testcases.ContactsPageTest" name="selectSingleCheckBox" time="0.706"/>
  <testcase classname="com.crm.qa.testcases.ContactsPageTest" name="selectMultipleContactsTest" time="0.72"/>
</testsuite> <!-- Free CRM Test cases -->
