<?xml version="1.0" encoding="UTF-8"?>
<!-- Generated by org.testng.reporters.JUnitReportReporter -->
<testsuite hostname="LAPTOP-8IINSRMD" failures="0" tests="5" name="com.crm.qa.testcases.HomePageTest" time="32.611" errors="0" timestamp="2026-03-03T07:58:17 IST" skipped="0">
  <testcase classname="com.crm.qa.testcases.HomePageTest" name="verifyHomePageTitleTest" time="6.519"/>
  <testcase classname="com.crm.qa.testcases.HomePageTest" name="verfiyHomeLogo" time="6.471"/>
  <testcase classname="com.crm.qa.testcases.HomePageTest" name="verifyContactsList" time="6.425"/>
  <testcase classname="com.crm.qa.testcases.HomePageTest" name="verifyDealsList" time="6.850"/>
  <testcase classname="com.crm.qa.testcases.HomePageTest" name="verifyTasksList" time="6.346"/>
</testsuite> <!-- com.crm.qa.testcases.HomePageTest -->
