<?xml version="1.0" encoding="UTF-8"?>
<!-- Generated by org.testng.reporters.JUnitReportReporter -->
<testsuite hostname="LAPTOP-8IINSRMD" failures="0" tests="3" name="com.crm.qa.testcases.DealsPageTest" time="27.857" errors="0" timestamp="2026-03-03T15:42:57 IST" skipped="0">
  <testcase classname="com.crm.qa.testcases.DealsPageTest" name="validateCreateNewContact" time="8.930"/>
  <testcase classname="com.crm.qa.testcases.DealsPageTest" name="verifyDealsLabel" time="8.164"/>
  <testcase classname="com.crm.qa.testcases.DealsPageTest" name="validateCreateNewContact" time="10.763"/>
</testsuite> <!-- com.crm.qa.testcases.DealsPageTest -->
